2022-12-05T11:24:56.497274+0300 INFO Тип запроса: GET
2022-12-05T11:24:56.497274+0300 INFO URL запроса: https://api.football-data.org/v4/areas/9999
2022-12-05T11:24:56.512895+0300 INFO Headers запроса: {'User-Agent': 'Mozilla/5.0 (Windows NT 6.2; WOW64) AppleWebKit/537.36 (KHTML, like Gecko) Chrome/84.0.4147.125 Safari/537.36', 'Accept-Encoding': 'gzip, deflate', 'Accept': '*/*', 'Connection': 'keep-alive'}
2022-12-05T11:24:56.512895+0300 INFO Тело запроса: None
2022-12-05T11:24:56.512895+0300 INFO Код статуса ответа: 404
2022-12-05T11:24:56.512895+0300 INFO Headers ответа: {'Server': 'nginx/1.14.2', 'Date': 'Mon, 05 Dec 2022 08:24:56 GMT', 'Content-Type': 'application/json;charset=UTF-8', 'Transfer-Encoding': 'chunked', 'Connection': 'keep-alive', 'X-Requests-Available': '49', 'X-RequestCounter-Reset': '86400', 'X-API-Version': 'v4', 'X-Authenticated-Client': 'anonymous', 'Content-Language': 'en-US', 'Content-Encoding': 'gzip'}
2022-12-05T11:24:56.512895+0300 INFO Тело ответа: {"message":"The resource you are looking for does not exist.","error":404}
2022-12-05T11:24:56.512895+0300 INFO [SCENARIO] Конец выполнения: Проверка получения данных о стадионах страны 999
2022-12-05T11:27:16.609392+0300 INFO Тип запроса: GET
2022-12-05T11:27:16.609392+0300 INFO URL запроса: https://api.football-data.org/v4/competitions?areas=9999
2022-12-05T11:27:16.609392+0300 INFO Headers запроса: {'User-Agent': 'Mozilla/5.0 (Windows NT 6.2; Win64; x64) AppleWebKit/537.36 (KHTML, like Gecko) Chrome/84.0.4147.111 Safari/537.36', 'Accept-Encoding': 'gzip, deflate', 'Accept': '*/*', 'Connection': 'keep-alive'}
2022-12-05T11:27:16.609392+0300 INFO Тело запроса: None
2022-12-05T11:27:16.609392+0300 INFO Код статуса ответа: 200
2022-12-05T11:27:16.609392+0300 INFO Headers ответа: {'Server': 'nginx/1.14.2', 'Date': 'Mon, 05 Dec 2022 08:27:16 GMT', 'Content-Type': 'application/json;charset=UTF-8', 'Transfer-Encoding': 'chunked', 'Connection': 'keep-alive', 'X-Requests-Available': '49', 'X-RequestCounter-Reset': '86400', 'X-API-Version': 'v4', 'X-Authenticated-Client': 'anonymous', 'Content-Language': 'en-US', 'Content-Encoding': 'gzip'}
2022-12-05T11:27:16.609392+0300 INFO Тело ответа: {"count":0,"filters":{"areas":[9999]},"competitions":[]}
2022-12-05T11:27:16.609392+0300 INFO [SCENARIO] Конец выполнения: Проверка получения данных о внутренних турнирах страны (негативный)
2022-12-05T11:27:31.727549+0300 INFO Тип запроса: GET
2022-12-05T11:27:31.727549+0300 INFO URL запроса: https://api.football-data.org/v4/competitions?areas=99999
2022-12-05T11:27:31.727549+0300 INFO Headers запроса: {'User-Agent': 'Mozilla/5.0 (Windows NT 6.3; WOW64) AppleWebKit/537.36 (KHTML, like Gecko) Chrome/86.0.4240.114 Safari/537.36', 'Accept-Encoding': 'gzip, deflate', 'Accept': '*/*', 'Connection': 'keep-alive'}
2022-12-05T11:27:31.727549+0300 INFO Тело запроса: None
2022-12-05T11:27:31.727549+0300 INFO Код статуса ответа: 200
2022-12-05T11:27:31.727549+0300 INFO Headers ответа: {'Server': 'nginx/1.14.2', 'Date': 'Mon, 05 Dec 2022 08:27:31 GMT', 'Content-Type': 'application/json;charset=UTF-8', 'Transfer-Encoding': 'chunked', 'Connection': 'keep-alive', 'X-Requests-Available': '49', 'X-RequestCounter-Reset': '86385', 'X-API-Version': 'v4', 'X-Authenticated-Client': 'anonymous', 'Content-Language': 'en-US', 'Content-Encoding': 'gzip'}
2022-12-05T11:27:31.727549+0300 INFO Тело ответа: {"count":0,"filters":{"areas":[99999]},"competitions":[]}
2022-12-05T11:27:31.727549+0300 INFO [SCENARIO] Конец выполнения: Проверка получения данных о внутренних турнирах страны (негативный)
2022-12-05T11:27:40.633480+0300 INFO Тип запроса: GET
2022-12-05T11:27:40.633480+0300 INFO URL запроса: https://api.football-data.org/v4/competitions?areas=9999
2022-12-05T11:27:40.633480+0300 INFO Headers запроса: {'User-Agent': 'Mozilla/5.0 (Windows NT 10.0; WOW64) AppleWebKit/537.36 (KHTML, like Gecko) Chrome/85.0.4183.127 Safari/537.36', 'Accept-Encoding': 'gzip, deflate', 'Accept': '*/*', 'Connection': 'keep-alive'}
2022-12-05T11:27:40.633480+0300 INFO Тело запроса: None
2022-12-05T11:27:40.633480+0300 INFO Код статуса ответа: 200
2022-12-05T11:27:40.633480+0300 INFO Headers ответа: {'Server': 'nginx/1.14.2', 'Date': 'Mon, 05 Dec 2022 08:27:40 GMT', 'Content-Type': 'application/json;charset=UTF-8', 'Transfer-Encoding': 'chunked', 'Connection': 'keep-alive', 'X-Requests-Available': '48', 'X-RequestCounter-Reset': '86376', 'X-API-Version': 'v4', 'X-Authenticated-Client': 'anonymous', 'Content-Language': 'en-US', 'Content-Encoding': 'gzip'}
2022-12-05T11:27:40.633480+0300 INFO Тело ответа: {"count":0,"filters":{"areas":[9999]},"competitions":[]}
2022-12-05T11:27:40.649103+0300 INFO [SCENARIO] Конец выполнения: Проверка получения данных о внутренних турнирах страны (негативный)
2022-12-05T11:28:51.010954+0300 INFO Тип запроса: GET
2022-12-05T11:28:51.010954+0300 INFO URL запроса: https://api.football-data.org/v4/competitions?areas=9999
2022-12-05T11:28:51.010954+0300 INFO Headers запроса: {'User-Agent': 'Mozilla/5.0 (Windows NT 6.2; WOW64) AppleWebKit/537.36 (KHTML, like Gecko) Chrome/86.0.4240.99 Safari/537.36', 'Accept-Encoding': 'gzip, deflate', 'Accept': '*/*', 'Connection': 'keep-alive'}
2022-12-05T11:28:51.010954+0300 INFO Тело запроса: None
2022-12-05T11:28:51.010954+0300 INFO Код статуса ответа: 200
2022-12-05T11:28:51.010954+0300 INFO Headers ответа: {'Server': 'nginx/1.14.2', 'Date': 'Mon, 05 Dec 2022 08:28:51 GMT', 'Content-Type': 'application/json;charset=UTF-8', 'Transfer-Encoding': 'chunked', 'Connection': 'keep-alive', 'X-Requests-Available': '47', 'X-RequestCounter-Reset': '86306', 'X-API-Version': 'v4', 'X-Authenticated-Client': 'anonymous', 'Content-Language': 'en-US', 'Content-Encoding': 'gzip'}
2022-12-05T11:28:51.010954+0300 INFO Тело ответа: {"count":0,"filters":{"areas":[9999]},"competitions":[]}
2022-12-05T11:28:51.042197+0300 INFO По ключу "$.count" получено: 0
2022-12-05T11:28:51.042197+0300 INFO По ключу "$.filters.areas" получено: [9999]
2022-12-05T11:28:51.042197+0300 INFO По ключу "$.filters.competitions" получено: []
2022-12-05T11:28:51.042197+0300 INFO [SCENARIO] Конец выполнения: Проверка получения данных о внутренних турнирах страны (негативный)
2022-12-05T11:29:28.913875+0300 INFO Тип запроса: GET
2022-12-05T11:29:28.913875+0300 INFO URL запроса: https://api.football-data.org/v4/competitions?areas=9999
2022-12-05T11:29:28.913875+0300 INFO Headers запроса: {'User-Agent': 'Mozilla/5.0 (Windows NT 6.3) AppleWebKit/537.36 (KHTML, like Gecko) Chrome/85.0.4183.121 Safari/537.36', 'Accept-Encoding': 'gzip, deflate', 'Accept': '*/*', 'Connection': 'keep-alive'}
2022-12-05T11:29:28.913875+0300 INFO Тело запроса: None
2022-12-05T11:29:28.913875+0300 INFO Код статуса ответа: 200
2022-12-05T11:29:28.913875+0300 INFO Headers ответа: {'Server': 'nginx/1.14.2', 'Date': 'Mon, 05 Dec 2022 08:29:28 GMT', 'Content-Type': 'application/json;charset=UTF-8', 'Transfer-Encoding': 'chunked', 'Connection': 'keep-alive', 'X-Requests-Available': '46', 'X-RequestCounter-Reset': '86268', 'X-API-Version': 'v4', 'X-Authenticated-Client': 'anonymous', 'Content-Language': 'en-US', 'Content-Encoding': 'gzip'}
2022-12-05T11:29:28.913875+0300 INFO Тело ответа: {"count":0,"filters":{"areas":[9999]},"competitions":[]}
2022-12-05T11:29:28.929498+0300 INFO По ключу "$.count" получено: 0
2022-12-05T11:29:28.929498+0300 INFO По ключу "$.filters.areas" получено: [9999]
2022-12-05T11:29:28.945092+0300 INFO По ключу "$.filters.competitions[0]" получено: []
2022-12-05T11:29:28.945092+0300 INFO [SCENARIO] Конец выполнения: Проверка получения данных о внутренних турнирах страны (негативный)
2022-12-05T11:30:37.998960+0300 INFO Тип запроса: GET
2022-12-05T11:30:37.998960+0300 INFO URL запроса: https://api.football-data.org/v4/competitions?areas=9999
2022-12-05T11:30:37.998960+0300 INFO Headers запроса: {'User-Agent': 'Mozilla/5.0 (Windows NT 6.2; Win64; x64) AppleWebKit/537.36 (KHTML, like Gecko) Chrome/80.0.3987.99 Safari/537.36', 'Accept-Encoding': 'gzip, deflate', 'Accept': '*/*', 'Connection': 'keep-alive'}
2022-12-05T11:30:37.998960+0300 INFO Тело запроса: None
2022-12-05T11:30:37.998960+0300 INFO Код статуса ответа: 200
2022-12-05T11:30:37.998960+0300 INFO Headers ответа: {'Server': 'nginx/1.14.2', 'Date': 'Mon, 05 Dec 2022 08:30:37 GMT', 'Content-Type': 'application/json;charset=UTF-8', 'Transfer-Encoding': 'chunked', 'Connection': 'keep-alive', 'X-Requests-Available': '45', 'X-RequestCounter-Reset': '86199', 'X-API-Version': 'v4', 'X-Authenticated-Client': 'anonymous', 'Content-Language': 'en-US', 'Content-Encoding': 'gzip'}
2022-12-05T11:30:37.998960+0300 INFO Тело ответа: {"count":0,"filters":{"areas":[9999]},"competitions":[]}
2022-12-05T11:30:38.014585+0300 INFO По ключу "$.count" получено: 0
2022-12-05T11:30:38.030181+0300 INFO По ключу "$.filters.areas[0]" получено: 9999
2022-12-05T11:30:38.030181+0300 INFO По ключу "$.filters.competitions[0]" получено: []
2022-12-05T11:30:38.030181+0300 INFO [SCENARIO] Конец выполнения: Проверка получения данных о внутренних турнирах страны (негативный)
2022-12-05T11:30:59.155055+0300 INFO Тип запроса: GET
2022-12-05T11:30:59.155055+0300 INFO URL запроса: https://api.football-data.org/v4/competitions?areas=9999
2022-12-05T11:30:59.155055+0300 INFO Headers запроса: {'User-Agent': 'Mozilla/5.0 (Windows NT 10.0; WOW64) AppleWebKit/537.36 (KHTML, like Gecko) Chrome/81.0.4044.138 Safari/537.36', 'Accept-Encoding': 'gzip, deflate', 'Accept': '*/*', 'Connection': 'keep-alive'}
2022-12-05T11:30:59.170594+0300 INFO Тело запроса: None
2022-12-05T11:30:59.170594+0300 INFO Код статуса ответа: 200
2022-12-05T11:30:59.170594+0300 INFO Headers ответа: {'Server': 'nginx/1.14.2', 'Date': 'Mon, 05 Dec 2022 08:30:59 GMT', 'Content-Type': 'application/json;charset=UTF-8', 'Transfer-Encoding': 'chunked', 'Connection': 'keep-alive', 'X-Requests-Available': '44', 'X-RequestCounter-Reset': '86177', 'X-API-Version': 'v4', 'X-Authenticated-Client': 'anonymous', 'Content-Language': 'en-US', 'Content-Encoding': 'gzip'}
2022-12-05T11:30:59.170594+0300 INFO Тело ответа: {"count":0,"filters":{"areas":[9999]},"competitions":[]}
2022-12-05T11:30:59.186216+0300 INFO По ключу "$.count" получено: 0
2022-12-05T11:31:15.084039+0300 INFO По ключу "$.filters.areas[0]" получено: 9999
2022-12-05T11:31:21.620659+0300 INFO По ключу "$.filters.competitions" получено: []
2022-12-05T11:31:44.738742+0300 INFO [SCENARIO] Конец выполнения: Проверка получения данных о внутренних турнирах страны (негативный)
2022-12-05T11:32:20.008118+0300 INFO Тип запроса: GET
2022-12-05T11:32:20.008118+0300 INFO URL запроса: https://api.football-data.org/v4/competitions?areas=9999
2022-12-05T11:32:20.008118+0300 INFO Headers запроса: {'User-Agent': 'Mozilla/5.0 (Windows NT 6.3; WOW64) AppleWebKit/537.36 (KHTML, like Gecko) Chrome/84.0.4147.135 Safari/537.36', 'Accept-Encoding': 'gzip, deflate', 'Accept': '*/*', 'Connection': 'keep-alive'}
2022-12-05T11:32:20.008118+0300 INFO Тело запроса: None
2022-12-05T11:32:20.008118+0300 INFO Код статуса ответа: 200
2022-12-05T11:32:20.008118+0300 INFO Headers ответа: {'Server': 'nginx/1.14.2', 'Date': 'Mon, 05 Dec 2022 08:32:19 GMT', 'Content-Type': 'application/json;charset=UTF-8', 'Transfer-Encoding': 'chunked', 'Connection': 'keep-alive', 'X-Requests-Available': '43', 'X-RequestCounter-Reset': '86097', 'X-API-Version': 'v4', 'X-Authenticated-Client': 'anonymous', 'Content-Language': 'en-US', 'Content-Encoding': 'gzip'}
2022-12-05T11:32:20.008118+0300 INFO Тело ответа: {"count":0,"filters":{"areas":[9999]},"competitions":[]}
2022-12-05T11:32:20.023715+0300 INFO По ключу "$.count" получено: 0
2022-12-05T11:32:20.039337+0300 INFO По ключу "$.filters.areas[0]" получено: 9999
2022-12-05T11:32:20.039337+0300 INFO [SCENARIO] Конец выполнения: Проверка получения данных о внутренних турнирах страны (негативный)
2022-12-05T11:33:45.839666+0300 INFO Тип запроса: GET
2022-12-05T11:33:45.839666+0300 INFO URL запроса: https://api.football-data.org/v4/competitions?areas=9999
2022-12-05T11:33:45.839666+0300 INFO Headers запроса: {'User-Agent': 'Mozilla/5.0 (Windows NT 6.3) AppleWebKit/537.36 (KHTML, like Gecko) Chrome/84.0.4147.135 Safari/537.36', 'Accept-Encoding': 'gzip, deflate', 'Accept': '*/*', 'Connection': 'keep-alive'}
2022-12-05T11:33:45.839666+0300 INFO Тело запроса: None
2022-12-05T11:33:45.839666+0300 INFO Код статуса ответа: 200
2022-12-05T11:33:45.839666+0300 INFO Headers ответа: {'Server': 'nginx/1.14.2', 'Date': 'Mon, 05 Dec 2022 08:33:45 GMT', 'Content-Type': 'application/json;charset=UTF-8', 'Transfer-Encoding': 'chunked', 'Connection': 'keep-alive', 'X-Requests-Available': '42', 'X-RequestCounter-Reset': '86011', 'X-API-Version': 'v4', 'X-Authenticated-Client': 'anonymous', 'Content-Language': 'en-US', 'Content-Encoding': 'gzip'}
2022-12-05T11:33:45.839666+0300 INFO Тело ответа: {"count":0,"filters":{"areas":[9999]},"competitions":[]}
2022-12-05T11:33:45.855230+0300 INFO По ключу "$.count" получено: 0
2022-12-05T11:33:45.870868+0300 INFO По ключу "$.filters.areas[0]" получено: 9999
2022-12-05T11:33:45.886495+0300 INFO По ключу "$.filters.competitions" получено: []
2022-12-05T11:33:45.886495+0300 INFO [SCENARIO] Конец выполнения: Проверка получения данных о внутренних турнирах страны (негативный)
2022-12-05T12:09:00.421903+0300 INFO Тип запроса: GET
2022-12-05T12:09:00.437503+0300 INFO [SCENARIO] Конец выполнения: Проверка получения данных о стадионах страны (негативный)
2022-12-05T12:12:42.891764+0300 INFO Тип запроса: GET
2022-12-05T12:12:42.907385+0300 INFO [SCENARIO] Конец выполнения: Проверка получения данных о стадионах страны (негативный)
2022-12-05T12:14:34.747263+0300 INFO Тип запроса: GET
2022-12-05T12:14:34.762884+0300 INFO [SCENARIO] Конец выполнения: Проверка получения данных о стадионах страны (негативный)
2022-12-05T12:15:40.651444+0300 INFO Тип запроса: GET
2022-12-05T12:15:40.667044+0300 INFO [SCENARIO] Конец выполнения: Проверка получения данных об игроке - доступ запрещён (негативный)
2022-12-05T12:17:10.777060+0300 INFO Тип запроса: GET
2022-12-05T12:17:10.777060+0300 INFO URL запроса: https://api.football-data.org/v4/persons/44
2022-12-05T12:17:10.777060+0300 INFO Headers запроса: {'User-Agent': 'Mozilla/5.0 (Windows NT 6.3; Win64; x64) AppleWebKit/537.36 (KHTML, like Gecko) Chrome/81.0.4044.117 Safari/537.36', 'Accept-Encoding': 'gzip, deflate', 'Accept': '*/*', 'Connection': 'keep-alive'}
2022-12-05T12:17:10.777060+0300 INFO [SCENARIO] Конец выполнения: Проверка получения данных об игроке - доступ запрещён (негативный)
2022-12-05T12:17:59.617472+0300 INFO Тип запроса: GET
2022-12-05T12:17:59.617472+0300 INFO URL запроса: https://api.football-data.org/v4/persons/44
2022-12-05T12:17:59.617472+0300 INFO Headers запроса: {'User-Agent': 'Mozilla/5.0 (Windows NT 6.1) AppleWebKit/537.36 (KHTML, like Gecko) Chrome/86.0.4240.111 Safari/537.36', 'Accept-Encoding': 'gzip, deflate', 'Accept': '*/*', 'Connection': 'keep-alive'}
2022-12-05T12:17:59.617472+0300 INFO Тело запроса: None
2022-12-05T12:17:59.617472+0300 INFO Код статуса ответа: 403
2022-12-05T12:17:59.617472+0300 INFO Headers ответа: {'Server': 'nginx/1.14.2', 'Date': 'Mon, 05 Dec 2022 09:17:59 GMT', 'Content-Type': 'application/json;charset=UTF-8', 'Transfer-Encoding': 'chunked', 'Connection': 'keep-alive', 'X-Requests-Available': '41', 'X-RequestCounter-Reset': '83357', 'X-API-Version': 'v4', 'X-Authenticated-Client': 'anonymous', 'Content-Language': 'en-US', 'Content-Encoding': 'gzip'}
2022-12-05T12:17:59.617472+0300 INFO Тело ответа: {"message":"The resource you are looking for is restricted and apparently not within your permissions. Please check your subscription.","errorCode":403}
2022-12-05T12:17:59.633069+0300 INFO По ключу "$.message" получено: The resource you are looking for is restricted and apparently not within your permissions. Please check your subscription.
2022-12-05T12:17:59.633069+0300 INFO [SCENARIO] Конец выполнения: Проверка получения данных об игроке - доступ запрещён (негативный)
2022-12-05T12:18:09.760308+0300 INFO Тип запроса: GET
2022-12-05T12:18:09.760308+0300 INFO URL запроса: https://api.football-data.org/v4/persons/44
2022-12-05T12:18:09.760308+0300 INFO Headers запроса: {'User-Agent': 'Mozilla/5.0 (Windows NT 5.1) AppleWebKit/537.36 (KHTML, like Gecko) Chrome/84.0.4147.89 Safari/537.36', 'Accept-Encoding': 'gzip, deflate', 'Accept': '*/*', 'Connection': 'keep-alive'}
2022-12-05T12:18:09.760308+0300 INFO Тело запроса: None
2022-12-05T12:18:09.760308+0300 INFO Код статуса ответа: 403
2022-12-05T12:18:09.760308+0300 INFO Headers ответа: {'Server': 'nginx/1.14.2', 'Date': 'Mon, 05 Dec 2022 09:18:09 GMT', 'Content-Type': 'application/json;charset=UTF-8', 'Transfer-Encoding': 'chunked', 'Connection': 'keep-alive', 'X-Requests-Available': '41', 'X-RequestCounter-Reset': '83347', 'X-API-Version': 'v4', 'X-Authenticated-Client': 'anonymous', 'Content-Language': 'en-US', 'Content-Encoding': 'gzip'}
2022-12-05T12:18:09.775874+0300 INFO Тело ответа: {"message":"The resource you are looking for is restricted and apparently not within your permissions. Please check your subscription.","errorCode":403}
2022-12-05T12:18:09.791516+0300 INFO По ключу "$.message" получено: The resource you are looking for is restricted and apparently not within your permissions. Please check your subscription.
2022-12-05T12:18:09.791516+0300 INFO [SCENARIO] Конец выполнения: Проверка получения данных об игроке - доступ запрещён (негативный)
2022-12-05T12:26:58.267691+0300 INFO Тип запроса: GET
2022-12-05T12:26:58.267691+0300 INFO URL запроса: https://api.football-data.org/v4/areas/2195
2022-12-05T12:26:58.267691+0300 INFO Headers запроса: {'User-Agent': 'Mozilla/5.0 (Windows NT 10.0) AppleWebKit/537.36 (KHTML, like Gecko) Chrome/86.0.4240.78 Safari/537.36', 'Accept-Encoding': 'gzip, deflate', 'Accept': '*/*', 'Connection': 'keep-alive'}
2022-12-05T12:26:58.283291+0300 INFO Тело запроса: None
2022-12-05T12:26:58.283291+0300 INFO Код статуса ответа: 200
2022-12-05T12:26:58.283291+0300 INFO Headers ответа: {'Server': 'nginx/1.14.2', 'Date': 'Mon, 05 Dec 2022 09:26:58 GMT', 'Content-Type': 'application/json;charset=UTF-8', 'Transfer-Encoding': 'chunked', 'Connection': 'keep-alive', 'X-Requests-Available': '41', 'X-RequestCounter-Reset': '82818', 'X-API-Version': 'v4', 'X-Authenticated-Client': 'anonymous', 'Content-Language': 'en-US', 'Content-Encoding': 'gzip'}
2022-12-05T12:26:58.283291+0300 INFO Тело ответа: {"id":2195,"name":"Russia","code":"RUS","flag":"https://crests.football-data.org/808.svg","parentAreaId":2077,"parentArea":"Europe","childAreas":[]}
2022-12-05T12:26:58.298911+0300 INFO По ключу "$.id" получено: 2195
2022-12-05T12:26:58.298911+0300 INFO По ключу "$.name" получено: Russia
2022-12-05T12:26:58.314533+0300 INFO По ключу "$.code" получено: RUS
2022-12-05T12:26:58.314533+0300 INFO По ключу "$.flag" получено: https://crests.football-data.org/808.svg
2022-12-05T12:26:58.330181+0300 INFO По ключу "$.parentAreaId" получено: 2077
2022-12-05T12:26:58.345801+0300 INFO По ключу "$.parentArea" получено: Europe
2022-12-05T12:26:58.345801+0300 INFO По ключу "$.childAreas" получено: []
2022-12-05T12:26:58.345801+0300 INFO [SCENARIO] Конец выполнения: Проверка получения данных о стадионах страны
2022-12-05T12:26:58.580099+0300 INFO Тип запроса: GET
2022-12-05T12:26:58.580099+0300 INFO URL запроса: https://api.football-data.org/v4/areas/9999
2022-12-05T12:26:58.580099+0300 INFO Headers запроса: {'User-Agent': 'Mozilla/5.0 (Windows NT 10.0; WOW64) AppleWebKit/537.36 (KHTML, like Gecko) Chrome/86.0.4240.114 Safari/537.36', 'Accept-Encoding': 'gzip, deflate', 'Accept': '*/*', 'Connection': 'keep-alive'}
2022-12-05T12:26:58.580099+0300 INFO Тело запроса: None
2022-12-05T12:26:58.580099+0300 INFO Код статуса ответа: 404
2022-12-05T12:26:58.580099+0300 INFO Headers ответа: {'Server': 'nginx/1.14.2', 'Date': 'Mon, 05 Dec 2022 09:26:58 GMT', 'Content-Type': 'application/json;charset=UTF-8', 'Transfer-Encoding': 'chunked', 'Connection': 'keep-alive', 'X-Requests-Available': '40', 'X-RequestCounter-Reset': '82818', 'X-API-Version': 'v4', 'X-Authenticated-Client': 'anonymous', 'Content-Language': 'en-US', 'Content-Encoding': 'gzip'}
2022-12-05T12:26:58.595717+0300 INFO Тело ответа: {"message":"The resource you are looking for does not exist.","error":404}
2022-12-05T12:26:58.611364+0300 INFO По ключу "$.message" получено: The resource you are looking for does not exist.
2022-12-05T12:26:58.611364+0300 INFO По ключу "$.error" получено: 404
2022-12-05T12:26:58.611364+0300 INFO [SCENARIO] Конец выполнения: Проверка получения данных о стадионах страны (негативный)
2022-12-05T12:26:58.830059+0300 INFO Тип запроса: GET
2022-12-05T12:26:58.830059+0300 INFO URL запроса: https://api.football-data.org/v4/competitions?areas=2195
2022-12-05T12:26:58.830059+0300 INFO Headers запроса: {'User-Agent': 'Mozilla/5.0 (Windows NT 6.1) AppleWebKit/537.36 (KHTML, like Gecko) Chrome/85.0.4183.81 Safari/537.36', 'Accept-Encoding': 'gzip, deflate', 'Accept': '*/*', 'Connection': 'keep-alive'}
2022-12-05T12:26:58.830059+0300 INFO Тело запроса: None
2022-12-05T12:26:58.830059+0300 INFO Код статуса ответа: 200
2022-12-05T12:26:58.845659+0300 INFO Headers ответа: {'Server': 'nginx/1.14.2', 'Date': 'Mon, 05 Dec 2022 09:26:58 GMT', 'Content-Type': 'application/json;charset=UTF-8', 'Transfer-Encoding': 'chunked', 'Connection': 'keep-alive', 'X-Requests-Available': '40', 'X-RequestCounter-Reset': '82818', 'X-API-Version': 'v4', 'X-Authenticated-Client': 'anonymous', 'Content-Language': 'en-US', 'Content-Encoding': 'gzip'}
2022-12-05T12:26:58.845659+0300 INFO Тело ответа: {"count":5,"filters":{"areas":[2195]},"competitions":[{"id":2089,"area":{"id":2195,"name":"Russia","code":"RUS","flag":"https://crests.football-data.org/808.svg"},"name":"Russian Cup","code":null,"type":"CUP","emblem":null,"plan":"TIER_FOUR","currentSeason":{"id":646,"startDate":"2020-08-05","endDate":"2021-05-12","currentMatchday":3,"winner":null},"numberOfAvailableSeasons":4,"lastUpdated":"2021-04-17T11:28:45Z"},{"id":2088,"area":{"id":2195,"name":"Russia","code":"RUS","flag":"https://crests.football-data.org/808.svg"},"name":"FNL","code":null,"type":"LEAGUE","emblem":null,"plan":"TIER_FOUR","currentSeason":{"id":634,"startDate":"2020-08-01","endDate":"2021-10-03","currentMatchday":42,"winner":null},"numberOfAvailableSeasons":4,"lastUpdated":"2021-04-17T11:32:31Z"},{"id":2137,"area":{"id":2195,"name":"Russia","code":"RUS","flag":"https://crests.football-data.org/808.svg"},"name":"RFPL","code":"RFPL","type":"LEAGUE","emblem":null,"plan":"TIER_TWO","currentSeason":{"id":1514,"startDate":"2022-07-15","endDate":"2023-06-03","currentMatchday":18,"winner":null},"numberOfAvailableSeasons":6,"lastUpdated":"2021-04-17T00:00:27Z"},{"id":2090,"area":{"id":2195,"name":"Russia","code":"RUS","flag":"https://crests.football-data.org/808.svg"},"name":"Playoffs 1/2","code":null,"type":"PLAYOFFS","emblem":null,"plan":"TIER_FOUR","currentSeason":{"id":96,"startDate":"2018-05-17","endDate":"2018-05-20","currentMatchday":null,"winner":null},"numberOfAvailableSeasons":1,"lastUpdated":"2018-06-05T00:24:32Z"},{"id":2091,"area":{"id":2195,"name":"Russia","code":"RUS","flag":"https://crests.football-data.org/808.svg"},"name":"Russian Super Cup","code":null,"type":"SUPER_CUP","emblem":null,"plan":"TIER_FOUR","currentSeason":{"id":647,"startDate":"2020-08-07","endDate":"2020-08-07","currentMatchday":null,"winner":null},"numberOfAvailableSeasons":4,"lastUpdated":"2019-07-07T00:25:01Z"}]}
2022-12-05T12:26:58.861308+0300 INFO По ключу "$.competitions[0].name" получено: Russian Cup
2022-12-05T12:26:58.861308+0300 INFO По ключу "$.competitions[1].name" получено: FNL
2022-12-05T12:26:58.876902+0300 INFO По ключу "$.competitions[2].name" получено: RFPL
2022-12-05T12:26:58.876902+0300 INFO По ключу "$.competitions[3].name" получено: Playoffs 1/2
2022-12-05T12:26:58.892545+0300 INFO По ключу "$.competitions[4].name" получено: Russian Super Cup
2022-12-05T12:26:58.892545+0300 INFO [SCENARIO] Конец выполнения: Проверка получения данных о внутренних турнирах страны
2022-12-05T12:26:59.126864+0300 INFO Тип запроса: GET
2022-12-05T12:26:59.126864+0300 INFO URL запроса: https://api.football-data.org/v4/competitions?areas=9999
2022-12-05T12:26:59.126864+0300 INFO Headers запроса: {'User-Agent': 'Mozilla/5.0 (Windows NT 5.1) AppleWebKit/537.36 (KHTML, like Gecko) Chrome/85.0.4183.121 Safari/537.36', 'Accept-Encoding': 'gzip, deflate', 'Accept': '*/*', 'Connection': 'keep-alive'}
2022-12-05T12:26:59.142464+0300 INFO Тело запроса: None
2022-12-05T12:26:59.142464+0300 INFO Код статуса ответа: 200
2022-12-05T12:26:59.142464+0300 INFO Headers ответа: {'Server': 'nginx/1.14.2', 'Date': 'Mon, 05 Dec 2022 09:26:59 GMT', 'Content-Type': 'application/json;charset=UTF-8', 'Transfer-Encoding': 'chunked', 'Connection': 'keep-alive', 'X-Requests-Available': '39', 'X-RequestCounter-Reset': '82817', 'X-API-Version': 'v4', 'X-Authenticated-Client': 'anonymous', 'Content-Language': 'en-US', 'Content-Encoding': 'gzip'}
2022-12-05T12:26:59.142464+0300 INFO Тело ответа: {"count":0,"filters":{"areas":[9999]},"competitions":[]}
2022-12-05T12:26:59.158085+0300 INFO По ключу "$.count" получено: 0
2022-12-05T12:26:59.173707+0300 INFO По ключу "$.filters.areas[0]" получено: 9999
2022-12-05T12:26:59.173707+0300 INFO По ключу "$.filters.competitions" получено: []
2022-12-05T12:26:59.173707+0300 INFO [SCENARIO] Конец выполнения: Проверка получения данных о внутренних турнирах страны (негативный)
2022-12-05T12:26:59.376807+0300 INFO Тип запроса: GET
2022-12-05T12:26:59.392411+0300 INFO URL запроса: https://api.football-data.org/v4/persons/44
2022-12-05T12:26:59.392411+0300 INFO Headers запроса: {'User-Agent': 'Mozilla/5.0 (Windows NT 10.0) AppleWebKit/537.36 (KHTML, like Gecko) Chrome/85.0.4183.120 Safari/537.36', 'Accept-Encoding': 'gzip, deflate', 'Accept': '*/*', 'Connection': 'keep-alive'}
2022-12-05T12:26:59.408026+0300 INFO Тело запроса: None
2022-12-05T12:26:59.408026+0300 INFO Код статуса ответа: 403
2022-12-05T12:26:59.408026+0300 INFO Headers ответа: {'Server': 'nginx/1.14.2', 'Date': 'Mon, 05 Dec 2022 09:26:59 GMT', 'Content-Type': 'application/json;charset=UTF-8', 'Transfer-Encoding': 'chunked', 'Connection': 'keep-alive', 'X-Requests-Available': '38', 'X-RequestCounter-Reset': '82817', 'X-API-Version': 'v4', 'X-Authenticated-Client': 'anonymous', 'Content-Language': 'en-US', 'Content-Encoding': 'gzip'}
2022-12-05T12:26:59.408026+0300 INFO Тело ответа: {"message":"The resource you are looking for is restricted and apparently not within your permissions. Please check your subscription.","errorCode":403}
2022-12-05T12:26:59.423673+0300 INFO По ключу "$.message" получено: The resource you are looking for is restricted and apparently not within your permissions. Please check your subscription.
2022-12-05T12:26:59.423673+0300 INFO [SCENARIO] Конец выполнения: Проверка получения данных об игроке - доступ запрещён (негативный)
2022-12-05T13:45:17.715995+0300 INFO Тип запроса: GET
2022-12-05T13:45:17.733997+0300 INFO URL запроса: https://api.football-data.org/v4/areas/2195
2022-12-05T13:45:17.736990+0300 INFO Headers запроса: {'User-Agent': 'Mozilla/5.0 (Windows NT 6.2; Win64; x64) AppleWebKit/537.36 (KHTML, like Gecko) Chrome/86.0.4240.111 Safari/537.36', 'Accept-Encoding': 'gzip, deflate', 'Accept': '*/*', 'Connection': 'keep-alive'}
2022-12-05T13:45:17.745965+0300 INFO [SCENARIO] Конец выполнения: Проверка получения данных о стадионах страны
2022-12-05T13:45:17.952519+0300 INFO Тип запроса: GET
2022-12-05T13:45:17.969782+0300 INFO URL запроса: https://api.football-data.org/v4/areas/9999
2022-12-05T13:45:17.972774+0300 INFO Headers запроса: {'User-Agent': 'Mozilla/5.0 (Windows NT 5.1; WOW64) AppleWebKit/537.36 (KHTML, like Gecko) Chrome/81.0.4044.117 Safari/537.36', 'Accept-Encoding': 'gzip, deflate', 'Accept': '*/*', 'Connection': 'keep-alive'}
2022-12-05T13:45:17.976850+0300 INFO [SCENARIO] Конец выполнения: Проверка получения данных о стадионах страны (негативный)
2022-12-05T13:45:18.221437+0300 INFO Тип запроса: GET
2022-12-05T13:45:18.221437+0300 INFO URL запроса: https://api.football-data.org/v4/competitions?areas=2195
2022-12-05T13:45:18.221437+0300 INFO Headers запроса: {'User-Agent': 'Mozilla/5.0 (Windows NT 10.0) AppleWebKit/537.36 (KHTML, like Gecko) Chrome/86.0.4240.78 Safari/537.36', 'Accept-Encoding': 'gzip, deflate', 'Accept': '*/*', 'Connection': 'keep-alive'}
2022-12-05T13:45:18.221437+0300 INFO [SCENARIO] Конец выполнения: Проверка получения данных о внутренних турнирах страны
2022-12-05T13:45:18.448811+0300 INFO Тип запроса: GET
2022-12-05T13:45:18.450327+0300 INFO URL запроса: https://api.football-data.org/v4/competitions?areas=9999
2022-12-05T13:45:18.453834+0300 INFO Headers запроса: {'User-Agent': 'Mozilla/5.0 (Windows NT 6.2; WOW64) AppleWebKit/537.36 (KHTML, like Gecko) Chrome/86.0.4240.114 Safari/537.36', 'Accept-Encoding': 'gzip, deflate', 'Accept': '*/*', 'Connection': 'keep-alive'}
2022-12-05T13:45:18.453834+0300 INFO [SCENARIO] Конец выполнения: Проверка получения данных о внутренних турнирах страны (негативный)
2022-12-05T13:45:18.661691+0300 INFO Тип запроса: GET
2022-12-05T13:45:18.661691+0300 INFO URL запроса: https://api.football-data.org/v4/persons/44
2022-12-05T13:45:18.661691+0300 INFO Headers запроса: {'User-Agent': 'Mozilla/5.0 (Windows NT 6.3; Win64; x64) AppleWebKit/537.36 (KHTML, like Gecko) Chrome/84.0.4147.89 Safari/537.36', 'Accept-Encoding': 'gzip, deflate', 'Accept': '*/*', 'Connection': 'keep-alive'}
2022-12-05T13:45:18.677961+0300 INFO [SCENARIO] Конец выполнения: Проверка получения данных об игроке - доступ запрещён (негативный)
2022-12-05T13:45:52.837184+0300 INFO Тип запроса: GET
2022-12-05T13:45:52.839178+0300 INFO URL запроса: https://api.football-data.org/v4/competitions?areas=2195
2022-12-05T13:45:52.839178+0300 INFO Headers запроса: {'User-Agent': 'Mozilla/5.0 (Windows NT 5.1) AppleWebKit/537.36 (KHTML, like Gecko) Chrome/84.0.4147.105 Safari/537.36', 'Accept-Encoding': 'gzip, deflate', 'Accept': '*/*', 'Connection': 'keep-alive'}
2022-12-05T13:45:52.843168+0300 INFO [SCENARIO] Конец выполнения: Проверка получения данных о внутренних турнирах страны
2022-12-05T13:45:53.050252+0300 INFO Тип запроса: GET
2022-12-05T13:45:53.050252+0300 INFO URL запроса: https://api.football-data.org/v4/competitions?areas=9999
2022-12-05T13:45:53.050252+0300 INFO Headers запроса: {'User-Agent': 'Mozilla/5.0 (Windows NT 6.1) AppleWebKit/537.36 (KHTML, like Gecko) Chrome/84.0.4147.105 Safari/537.36', 'Accept-Encoding': 'gzip, deflate', 'Accept': '*/*', 'Connection': 'keep-alive'}
2022-12-05T13:45:53.050252+0300 INFO [SCENARIO] Конец выполнения: Проверка получения данных о внутренних турнирах страны (негативный)
2022-12-05T13:46:50.740417+0300 INFO Тип запроса: GET
2022-12-05T13:46:50.742412+0300 INFO URL запроса: https://api.football-data.org/v4/competitions?areas=2195
2022-12-05T13:46:50.742412+0300 INFO Headers запроса: {'User-Agent': 'Mozilla/5.0 (Windows NT 5.1; WOW64) AppleWebKit/537.36 (KHTML, like Gecko) Chrome/84.0.4147.105 Safari/537.36', 'Accept-Encoding': 'gzip, deflate', 'Accept': '*/*', 'Connection': 'keep-alive'}
2022-12-05T13:46:50.742412+0300 INFO Тело запроса: None
2022-12-05T13:46:50.742412+0300 INFO Код статуса ответа: 200
2022-12-05T13:46:50.742412+0300 INFO Headers ответа: {'Server': 'nginx/1.14.2', 'Date': 'Mon, 05 Dec 2022 10:46:50 GMT', 'Content-Type': 'application/json;charset=UTF-8', 'Transfer-Encoding': 'chunked', 'Connection': 'keep-alive', 'X-Requests-Available': '33', 'X-RequestCounter-Reset': '78026', 'X-API-Version': 'v4', 'X-Authenticated-Client': 'anonymous', 'Content-Language': 'en-US', 'Content-Encoding': 'gzip'}
2022-12-05T13:46:50.742412+0300 INFO Тело ответа: {"count":5,"filters":{"areas":[2195]},"competitions":[{"id":2089,"area":{"id":2195,"name":"Russia","code":"RUS","flag":"https://crests.football-data.org/808.svg"},"name":"Russian Cup","code":null,"type":"CUP","emblem":null,"plan":"TIER_FOUR","currentSeason":{"id":646,"startDate":"2020-08-05","endDate":"2021-05-12","currentMatchday":3,"winner":null},"numberOfAvailableSeasons":4,"lastUpdated":"2021-04-17T11:28:45Z"},{"id":2088,"area":{"id":2195,"name":"Russia","code":"RUS","flag":"https://crests.football-data.org/808.svg"},"name":"FNL","code":null,"type":"LEAGUE","emblem":null,"plan":"TIER_FOUR","currentSeason":{"id":634,"startDate":"2020-08-01","endDate":"2021-10-03","currentMatchday":42,"winner":null},"numberOfAvailableSeasons":4,"lastUpdated":"2021-04-17T11:32:31Z"},{"id":2137,"area":{"id":2195,"name":"Russia","code":"RUS","flag":"https://crests.football-data.org/808.svg"},"name":"RFPL","code":"RFPL","type":"LEAGUE","emblem":null,"plan":"TIER_TWO","currentSeason":{"id":1514,"startDate":"2022-07-15","endDate":"2023-06-03","currentMatchday":18,"winner":null},"numberOfAvailableSeasons":6,"lastUpdated":"2021-04-17T00:00:27Z"},{"id":2090,"area":{"id":2195,"name":"Russia","code":"RUS","flag":"https://crests.football-data.org/808.svg"},"name":"Playoffs 1/2","code":null,"type":"PLAYOFFS","emblem":null,"plan":"TIER_FOUR","currentSeason":{"id":96,"startDate":"2018-05-17","endDate":"2018-05-20","currentMatchday":null,"winner":null},"numberOfAvailableSeasons":1,"lastUpdated":"2018-06-05T00:24:32Z"},{"id":2091,"area":{"id":2195,"name":"Russia","code":"RUS","flag":"https://crests.football-data.org/808.svg"},"name":"Russian Super Cup","code":null,"type":"SUPER_CUP","emblem":null,"plan":"TIER_FOUR","currentSeason":{"id":647,"startDate":"2020-08-07","endDate":"2020-08-07","currentMatchday":null,"winner":null},"numberOfAvailableSeasons":4,"lastUpdated":"2019-07-07T00:25:01Z"}]}
2022-12-05T13:46:50.756374+0300 INFO По ключу "$.competitions[0].name" получено: Russian Cup
2022-12-05T13:46:50.764459+0300 INFO По ключу "$.competitions[1].name" получено: FNL
2022-12-05T13:46:50.764459+0300 INFO По ключу "$.competitions[2].name" получено: RFPL
2022-12-05T13:46:50.775033+0300 INFO По ключу "$.competitions[3].name" получено: Playoffs 1/2
2022-12-05T13:46:50.780255+0300 INFO По ключу "$.competitions[4].name" получено: Russian Super Cup
2022-12-05T13:46:50.780255+0300 INFO [SCENARIO] Конец выполнения: Проверка получения данных о внутренних турнирах страны
2022-12-05T13:46:50.989034+0300 INFO Тип запроса: GET
2022-12-05T13:46:50.989034+0300 INFO URL запроса: https://api.football-data.org/v4/competitions?areas=9999
2022-12-05T13:46:50.989034+0300 INFO Headers запроса: {'User-Agent': 'Mozilla/5.0 (Windows NT 6.2; WOW64) AppleWebKit/537.36 (KHTML, like Gecko) Chrome/85.0.4183.101 Safari/537.36', 'Accept-Encoding': 'gzip, deflate', 'Accept': '*/*', 'Connection': 'keep-alive'}
2022-12-05T13:46:50.989034+0300 INFO Тело запроса: None
2022-12-05T13:46:50.990031+0300 INFO Код статуса ответа: 200
2022-12-05T13:46:50.990031+0300 INFO Headers ответа: {'Server': 'nginx/1.14.2', 'Date': 'Mon, 05 Dec 2022 10:46:50 GMT', 'Content-Type': 'application/json;charset=UTF-8', 'Transfer-Encoding': 'chunked', 'Connection': 'keep-alive', 'X-Requests-Available': '32', 'X-RequestCounter-Reset': '78026', 'X-API-Version': 'v4', 'X-Authenticated-Client': 'anonymous', 'Content-Language': 'en-US', 'Content-Encoding': 'gzip'}
2022-12-05T13:46:50.990031+0300 INFO Тело ответа: {"count":0,"filters":{"areas":[9999]},"competitions":[]}
2022-12-05T13:46:50.991028+0300 INFO [SCENARIO] Конец выполнения: Проверка получения данных о внутренних турнирах страны (негативный)
2022-12-05T13:47:06.254677+0300 INFO Тип запроса: GET
2022-12-05T13:47:06.254677+0300 INFO URL запроса: https://api.football-data.org/v4/areas/2195
2022-12-05T13:47:06.254677+0300 INFO Headers запроса: {'User-Agent': 'Mozilla/5.0 (Windows NT 6.1; WOW64) AppleWebKit/537.36 (KHTML, like Gecko) Chrome/86.0.4240.111 Safari/537.36', 'Accept-Encoding': 'gzip, deflate', 'Accept': '*/*', 'Connection': 'keep-alive'}
2022-12-05T13:47:06.271888+0300 INFO Тело запроса: None
2022-12-05T13:47:06.273883+0300 INFO Код статуса ответа: 200
2022-12-05T13:47:06.276575+0300 INFO Headers ответа: {'Server': 'nginx/1.14.2', 'Date': 'Mon, 05 Dec 2022 10:47:06 GMT', 'Content-Type': 'application/json;charset=UTF-8', 'Transfer-Encoding': 'chunked', 'Connection': 'keep-alive', 'X-Requests-Available': '31', 'X-RequestCounter-Reset': '78010', 'X-API-Version': 'v4', 'X-Authenticated-Client': 'anonymous', 'Content-Language': 'en-US', 'Content-Encoding': 'gzip'}
2022-12-05T13:47:06.279648+0300 INFO Тело ответа: {"id":2195,"name":"Russia","code":"RUS","flag":"https://crests.football-data.org/808.svg","parentAreaId":2077,"parentArea":"Europe","childAreas":[]}
2022-12-05T13:47:06.291772+0300 INFO По ключу "$.id" получено: 2195
2022-12-05T13:47:06.291772+0300 INFO По ключу "$.name" получено: Russia
2022-12-05T13:47:06.311573+0300 INFO По ключу "$.code" получено: RUS
2022-12-05T13:47:06.316856+0300 INFO По ключу "$.flag" получено: https://crests.football-data.org/808.svg
2022-12-05T13:47:06.321860+0300 INFO По ключу "$.parentAreaId" получено: 2077
2022-12-05T13:47:06.337509+0300 INFO По ключу "$.parentArea" получено: Europe
2022-12-05T13:47:06.347130+0300 INFO По ключу "$.childAreas" получено: []
2022-12-05T13:47:06.347130+0300 INFO [SCENARIO] Конец выполнения: Проверка получения данных о стадионах страны
2022-12-05T13:47:06.547221+0300 INFO Тип запроса: GET
2022-12-05T13:47:06.547221+0300 INFO URL запроса: https://api.football-data.org/v4/areas/9999
2022-12-05T13:47:06.556236+0300 INFO Headers запроса: {'User-Agent': 'Mozilla/5.0 (Windows NT 6.2; Win64; x64) AppleWebKit/537.36 (KHTML, like Gecko) Chrome/86.0.4240.80 Safari/537.36', 'Accept-Encoding': 'gzip, deflate', 'Accept': '*/*', 'Connection': 'keep-alive'}
2022-12-05T13:47:06.556236+0300 INFO Тело запроса: None
2022-12-05T13:47:06.561241+0300 INFO Код статуса ответа: 404
2022-12-05T13:47:06.561241+0300 INFO Headers ответа: {'Server': 'nginx/1.14.2', 'Date': 'Mon, 05 Dec 2022 10:47:06 GMT', 'Content-Type': 'application/json;charset=UTF-8', 'Transfer-Encoding': 'chunked', 'Connection': 'keep-alive', 'X-Requests-Available': '30', 'X-RequestCounter-Reset': '78010', 'X-API-Version': 'v4', 'X-Authenticated-Client': 'anonymous', 'Content-Language': 'en-US', 'Content-Encoding': 'gzip'}
2022-12-05T13:47:06.561241+0300 INFO Тело ответа: {"message":"The resource you are looking for does not exist.","error":404}
2022-12-05T13:47:06.561241+0300 INFO По ключу "$.message" получено: The resource you are looking for does not exist.
2022-12-05T13:47:06.588832+0300 INFO По ключу "$.error" получено: 404
2022-12-05T13:47:06.590795+0300 INFO [SCENARIO] Конец выполнения: Проверка получения данных о стадионах страны (негативный)
2022-12-05T13:47:06.831912+0300 INFO Тип запроса: GET
2022-12-05T13:47:06.841541+0300 INFO URL запроса: https://api.football-data.org/v4/competitions?areas=2195
2022-12-05T13:47:06.841541+0300 INFO Headers запроса: {'User-Agent': 'Mozilla/5.0 (Windows NT 6.2; WOW64) AppleWebKit/537.36 (KHTML, like Gecko) Chrome/83.0.4103.96 Safari/537.36', 'Accept-Encoding': 'gzip, deflate', 'Accept': '*/*', 'Connection': 'keep-alive'}
2022-12-05T13:47:06.841541+0300 INFO Тело запроса: None
2022-12-05T13:47:06.850555+0300 INFO Код статуса ответа: 200
2022-12-05T13:47:06.850555+0300 INFO Headers ответа: {'Server': 'nginx/1.14.2', 'Date': 'Mon, 05 Dec 2022 10:47:06 GMT', 'Content-Type': 'application/json;charset=UTF-8', 'Transfer-Encoding': 'chunked', 'Connection': 'keep-alive', 'X-Requests-Available': '30', 'X-RequestCounter-Reset': '78010', 'X-API-Version': 'v4', 'X-Authenticated-Client': 'anonymous', 'Content-Language': 'en-US', 'Content-Encoding': 'gzip'}
2022-12-05T13:47:06.855560+0300 INFO Тело ответа: {"count":5,"filters":{"areas":[2195]},"competitions":[{"id":2089,"area":{"id":2195,"name":"Russia","code":"RUS","flag":"https://crests.football-data.org/808.svg"},"name":"Russian Cup","code":null,"type":"CUP","emblem":null,"plan":"TIER_FOUR","currentSeason":{"id":646,"startDate":"2020-08-05","endDate":"2021-05-12","currentMatchday":3,"winner":null},"numberOfAvailableSeasons":4,"lastUpdated":"2021-04-17T11:28:45Z"},{"id":2088,"area":{"id":2195,"name":"Russia","code":"RUS","flag":"https://crests.football-data.org/808.svg"},"name":"FNL","code":null,"type":"LEAGUE","emblem":null,"plan":"TIER_FOUR","currentSeason":{"id":634,"startDate":"2020-08-01","endDate":"2021-10-03","currentMatchday":42,"winner":null},"numberOfAvailableSeasons":4,"lastUpdated":"2021-04-17T11:32:31Z"},{"id":2137,"area":{"id":2195,"name":"Russia","code":"RUS","flag":"https://crests.football-data.org/808.svg"},"name":"RFPL","code":"RFPL","type":"LEAGUE","emblem":null,"plan":"TIER_TWO","currentSeason":{"id":1514,"startDate":"2022-07-15","endDate":"2023-06-03","currentMatchday":18,"winner":null},"numberOfAvailableSeasons":6,"lastUpdated":"2021-04-17T00:00:27Z"},{"id":2090,"area":{"id":2195,"name":"Russia","code":"RUS","flag":"https://crests.football-data.org/808.svg"},"name":"Playoffs 1/2","code":null,"type":"PLAYOFFS","emblem":null,"plan":"TIER_FOUR","currentSeason":{"id":96,"startDate":"2018-05-17","endDate":"2018-05-20","currentMatchday":null,"winner":null},"numberOfAvailableSeasons":1,"lastUpdated":"2018-06-05T00:24:32Z"},{"id":2091,"area":{"id":2195,"name":"Russia","code":"RUS","flag":"https://crests.football-data.org/808.svg"},"name":"Russian Super Cup","code":null,"type":"SUPER_CUP","emblem":null,"plan":"TIER_FOUR","currentSeason":{"id":647,"startDate":"2020-08-07","endDate":"2020-08-07","currentMatchday":null,"winner":null},"numberOfAvailableSeasons":4,"lastUpdated":"2019-07-07T00:25:01Z"}]}
2022-12-05T13:47:06.855560+0300 INFO По ключу "$.competitions[0].name" получено: Russian Cup
2022-12-05T13:47:06.876311+0300 INFO По ключу "$.competitions[1].name" получено: FNL
2022-12-05T13:47:06.884380+0300 INFO По ключу "$.competitions[2].name" получено: RFPL
2022-12-05T13:47:06.884380+0300 INFO По ключу "$.competitions[3].name" получено: Playoffs 1/2
2022-12-05T13:47:06.900163+0300 INFO По ключу "$.competitions[4].name" получено: Russian Super Cup
2022-12-05T13:47:06.900163+0300 INFO [SCENARIO] Конец выполнения: Проверка получения данных о внутренних турнирах страны
2022-12-05T13:47:07.155057+0300 INFO Тип запроса: GET
2022-12-05T13:47:07.155057+0300 INFO URL запроса: https://api.football-data.org/v4/competitions?areas=9999
2022-12-05T13:47:07.155057+0300 INFO Headers запроса: {'User-Agent': 'Mozilla/5.0 (Windows NT 5.1; WOW64) AppleWebKit/537.36 (KHTML, like Gecko) Chrome/81.0.4044.117 Safari/537.36', 'Accept-Encoding': 'gzip, deflate', 'Accept': '*/*', 'Connection': 'keep-alive'}
2022-12-05T13:47:07.155057+0300 INFO Тело запроса: None
2022-12-05T13:47:07.171441+0300 INFO Код статуса ответа: 200
2022-12-05T13:47:07.174436+0300 INFO Headers ответа: {'Server': 'nginx/1.14.2', 'Date': 'Mon, 05 Dec 2022 10:47:07 GMT', 'Content-Type': 'application/json;charset=UTF-8', 'Transfer-Encoding': 'chunked', 'Connection': 'keep-alive', 'X-Requests-Available': '29', 'X-RequestCounter-Reset': '78009', 'X-API-Version': 'v4', 'X-Authenticated-Client': 'anonymous', 'Content-Language': 'en-US', 'Content-Encoding': 'gzip'}
2022-12-05T13:47:07.176655+0300 INFO Тело ответа: {"count":0,"filters":{"areas":[9999]},"competitions":[]}
2022-12-05T13:47:07.179669+0300 INFO [SCENARIO] Конец выполнения: Проверка получения данных о внутренних турнирах страны (негативный)
2022-12-05T13:47:07.372032+0300 INFO Тип запроса: GET
2022-12-05T13:47:07.372032+0300 INFO URL запроса: https://api.football-data.org/v4/persons/44
2022-12-05T13:47:07.372032+0300 INFO Headers запроса: {'User-Agent': 'Mozilla/5.0 (Windows NT 6.1; WOW64) AppleWebKit/537.36 (KHTML, like Gecko) Chrome/85.0.4183.121 Safari/537.36', 'Accept-Encoding': 'gzip, deflate', 'Accept': '*/*', 'Connection': 'keep-alive'}
2022-12-05T13:47:07.372032+0300 INFO Тело запроса: None
2022-12-05T13:47:07.372032+0300 INFO Код статуса ответа: 403
2022-12-05T13:47:07.387782+0300 INFO Headers ответа: {'Server': 'nginx/1.14.2', 'Date': 'Mon, 05 Dec 2022 10:47:07 GMT', 'Content-Type': 'application/json;charset=UTF-8', 'Transfer-Encoding': 'chunked', 'Connection': 'keep-alive', 'X-Requests-Available': '28', 'X-RequestCounter-Reset': '78009', 'X-API-Version': 'v4', 'X-Authenticated-Client': 'anonymous', 'Content-Language': 'en-US', 'Content-Encoding': 'gzip'}
2022-12-05T13:47:07.387782+0300 INFO Тело ответа: {"message":"The resource you are looking for is restricted and apparently not within your permissions. Please check your subscription.","errorCode":403}
2022-12-05T13:47:07.402113+0300 INFO По ключу "$.message" получено: The resource you are looking for is restricted and apparently not within your permissions. Please check your subscription.
2022-12-05T13:47:07.402113+0300 INFO [SCENARIO] Конец выполнения: Проверка получения данных об игроке - доступ запрещён (негативный)
